zxing-android-embedded/build/intermediates/manifest_merge_blame_file/debug/manifest-merger-blame-debug-report.txt
1<?xml version="1.0" encoding="utf-8"?>
2<!--
3 Copyright (C) 2008 ZXing authors
4
5 Licensed under the Apache License, Version 2.0 (the "License");
6 you may not use this file except in compliance with the License.
7 You may obtain a copy of the License at
8
9      http://www.apache.org/licenses/LICENSE-2.0
10
11 Unless required by applicable law or agreed to in writing, software
12 distributed under the License is distributed on an "AS IS" BASIS,
13 WITHOUT WARRANTIES OR CONDITIONS OF ANY KIND, either express or implied.
14 See the License for the specific language governing permissions and
15 limitations under the License.
16-->
17<manifest xmlns:android="http://schemas.android.com/apk/res/android"
18    package="com.google.zxing.client.android" >
19
20    <uses-sdk android:minSdkVersion="19" />
20-->zxing-android-embedded/zxing-android-embedded/AndroidManifest.xml
21
22    <uses-permission android:name="android.permission.CAMERA" />
22-->zxing-android-embedded/zxing-android-embedded/AndroidManifest.xml:19:3-62
22-->zxing-android-embedded/zxing-android-embedded/AndroidManifest.xml:19:20-60
23
24    <!-- Don't require camera, as this requires a rear camera. This allows it to work on the Nexus 7 -->
25    <uses-feature
25-->zxing-android-embedded/zxing-android-embedded/AndroidManifest.xml:22:3-82
26        android:name="android.hardware.camera"
26-->zxing-android-embedded/zxing-android-embedded/AndroidManifest.xml:22:17-55
27        android:required="false" />
27-->zxing-android-embedded/zxing-android-embedded/AndroidManifest.xml:22:56-80
28    <uses-feature
28-->zxing-android-embedded/zxing-android-embedded/AndroidManifest.xml:23:3-88
29        android:name="android.hardware.camera.front"
29-->zxing-android-embedded/zxing-android-embedded/AndroidManifest.xml:23:17-61
30        android:required="false" />
30-->zxing-android-embedded/zxing-android-embedded/AndroidManifest.xml:23:62-86
31    <!-- TODO replace above two with next line after Android 4.2 -->
32    <!-- <uses-feature android:name="android.hardware.camera.any"/> -->
33    <uses-feature
33-->zxing-android-embedded/zxing-android-embedded/AndroidManifest.xml:26:3-92
34        android:name="android.hardware.camera.autofocus"
34-->zxing-android-embedded/zxing-android-embedded/AndroidManifest.xml:26:17-65
35        android:required="false" />
35-->zxing-android-embedded/zxing-android-embedded/AndroidManifest.xml:26:66-90
36    <uses-feature
36-->zxing-android-embedded/zxing-android-embedded/AndroidManifest.xml:27:3-88
37        android:name="android.hardware.camera.flash"
37-->zxing-android-embedded/zxing-android-embedded/AndroidManifest.xml:27:17-61
38        android:required="false" />
38-->zxing-android-embedded/zxing-android-embedded/AndroidManifest.xml:27:62-86
39    <uses-feature
39-->zxing-android-embedded/zxing-android-embedded/AndroidManifest.xml:28:3-93
40        android:name="android.hardware.screen.landscape"
40-->zxing-android-embedded/zxing-android-embedded/AndroidManifest.xml:28:17-65
41        android:required="false" />
41-->zxing-android-embedded/zxing-android-embedded/AndroidManifest.xml:28:66-90
42    <uses-feature
42-->zxing-android-embedded/zxing-android-embedded/AndroidManifest.xml:29:3-80
43        android:name="android.hardware.wifi"
43-->zxing-android-embedded/zxing-android-embedded/AndroidManifest.xml:29:17-53
44        android:required="false" />
44-->zxing-android-embedded/zxing-android-embedded/AndroidManifest.xml:29:54-78
45
46    <application>
46-->zxing-android-embedded/zxing-android-embedded/AndroidManifest.xml:32:3-39:17
47        <activity
47-->zxing-android-embedded/zxing-android-embedded/AndroidManifest.xml:33:7-38:66
48            android:name="com.journeyapps.barcodescanner.CaptureActivity"
48-->zxing-android-embedded/zxing-android-embedded/AndroidManifest.xml:33:17-78
49            android:clearTaskOnLaunch="true"
49-->zxing-android-embedded/zxing-android-embedded/AndroidManifest.xml:34:17-49
50            android:screenOrientation="sensorLandscape"
50-->zxing-android-embedded/zxing-android-embedded/AndroidManifest.xml:35:17-60
51            android:stateNotNeeded="true"
51-->zxing-android-embedded/zxing-android-embedded/AndroidManifest.xml:36:17-46
52            android:theme="@style/zxing_CaptureTheme"
52-->zxing-android-embedded/zxing-android-embedded/AndroidManifest.xml:37:17-58
53            android:windowSoftInputMode="stateAlwaysHidden" />
53-->zxing-android-embedded/zxing-android-embedded/AndroidManifest.xml:38:17-64
54    </application>
55
56</manifest>